#
# There is insufficient memory for the Java Runtime Environment to continue.
# Native memory allocation (mmap) failed to map 536870912 bytes. Error detail: G1 virtual space
# Possible reasons:
#   The system is out of physical RAM or swap space
#   This process is running with CompressedOops enabled, and the Java Heap may be blocking the growth of the native heap
# Possible solutions:
#   Reduce memory load on the system
#   Increase physical memory or swap space
#   Check if swap backing store is full
#   Decrease Java heap size (-Xmx/-Xms)
#   Decrease number of Java threads
#   Decrease Java thread stack sizes (-Xss)
#   Set larger code cache with -XX:ReservedCodeCacheSize=
#   JVM is running with Zero Based Compressed Oops mode in which the Java heap is
#     placed in the first 32GB address space. The Java Heap base address is the
#     maximum limit for the native heap growth. Please use -XX:HeapBaseMinAddress
#     to set the Java Heap base and to place the Java Heap above 32GB virtual address.
# This output file may be truncated or incomplete.
#
#  Out of Memory Error (os_windows.cpp:3825), pid=24920, tid=28484
#
# JRE version:  (17.0.11) (build )
# Java VM: OpenJDK 64-Bit Server VM (17.0.11+0--11852314, mixed mode, sharing, tiered, compressed oops, compressed class ptrs, g1 gc, windows-amd64)
# No core dump will be written. Minidumps are not enabled by default on client versions of Windows
#

---------------  S U M M A R Y ------------

Command Line: -Dorg.gradle.appname=gradlew org.gradle.wrapper.GradleWrapperMain -q -Ptarget-platform=android-arm64 -Ptarget=C:\projects\kinopark\lib\main.dart -Pbase-application-name=android.app.Application -Pdart-defines=Zmx1dHRlci5pbnNwZWN0b3Iuc3RydWN0dXJlZEVycm9ycz10cnVl -Pdart-obfuscation=false -Ptrack-widget-creation=true -Ptree-shake-icons=false -Pfilesystem-scheme=org-dartlang-root assembleDebug

Host: 11th Gen Intel(R) Core(TM) i5-11400 @ 2.60GHz, 12 cores, 31G,  Windows 11 , 64 bit Build 22621 (10.0.22621.4391)
Time: Sun Dec 15 00:23:04 2024 Caucasus Standard Time elapsed time: 0.006617 seconds (0d 0h 0m 0s)

---------------  T H R E A D  ---------------

Current thread (0x000001d23846cfd0):  JavaThread "Unknown thread" [_thread_in_vm, id=28484, stack(0x0000000f2d700000,0x0000000f2d800000)]

Stack: [0x0000000f2d700000,0x0000000f2d800000]
Native frames: (J=compiled Java code, j=interpreted, Vv=VM code, C=native code)
V  [jvm.dll+0x687bb9]
V  [jvm.dll+0x84142a]
V  [jvm.dll+0x8430ae]
V  [jvm.dll+0x843713]
V  [jvm.dll+0x24a35f]
V  [jvm.dll+0x684989]
V  [jvm.dll+0x67923a]
V  [jvm.dll+0x30af0b]
V  [jvm.dll+0x3123b6]
V  [jvm.dll+0x361dfe]
V  [jvm.dll+0x36202f]
V  [jvm.dll+0x2e0d38]
V  [jvm.dll+0x2e1ca4]
V  [jvm.dll+0x811f21]
V  [jvm.dll+0x36fb68]
V  [jvm.dll+0x7f0896]
V  [jvm.dll+0x3f3d2f]
V  [jvm.dll+0x3f58e1]
C  [jli.dll+0x528f]
C  [ucrtbase.dll+0x29333]
C  [KERNEL32.DLL+0x1259d]
C  [ntdll.dll+0x5af38]


---------------  P R O C E S S  ---------------

Threads class SMR info:
_java_thread_list=0x00007ffd8b83efd8, length=0, elements={
}

Java Threads: ( => current thread )

Other Threads:
  0x000001d23a70eb90 GCTaskThread "GC Thread#0" [stack: 0x0000000f2d800000,0x0000000f2d900000] [id=39912]
  0x000001d25ff322e0 ConcurrentGCThread "G1 Main Marker" [stack: 0x0000000f2d900000,0x0000000f2da00000] [id=21508]
  0x000001d25ff32c10 ConcurrentGCThread "G1 Conc#0" [stack: 0x0000000f2da00000,0x0000000f2db00000] [id=28172]

[error occurred during error reporting (printing all threads), id 0xc0000005, EXCEPTION_ACCESS_VIOLATION (0xc0000005) at pc=0x00007ffd8aff1907]

VM state: not at safepoint (not fully initialized)

VM Mutex/Monitor currently owned by a thread:  ([mutex/lock_event])
[0x000001d23a6639b0] Heap_lock - owner thread: 0x000001d23846cfd0

Heap address: 0x0000000602800000, size: 8152 MB, Compressed Oops mode: Zero based, Oop shift amount: 3

CDS archive(s) mapped at: [0x0000000000000000-0x0000000000000000-0x0000000000000000), size 0, SharedBaseAddress: 0x0000000800000000, ArchiveRelocationMode: 1.
Narrow klass base: 0x0000000000000000, Narrow klass shift: 0, Narrow klass range: 0x0

GC Precious Log:
<Empty>

Heap:
 garbage-first heap   total 0K, used 0K [0x0000000602800000, 0x0000000800000000)
  region size 4096K, 0 young (0K), 0 survivors (0K)
 Metaspace       used 0K, committed 0K, reserved 0K
  class space    used 0K, committed 0K, reserved 0K

Heap Regions: E=young(eden), S=young(survivor), O=old, HS=humongous(starts), HC=humongous(continues), CS=collection set, F=free, OA=open archive, CA=closed archive, TAMS=top-at-mark-start (previous, next)

Card table byte_map: [0x000001d24e080000,0x000001d24f070000] _byte_map_base: 0x000001d24b06c000

Marking Bits (Prev, Next): (CMBitMap*) 0x000001d25ff21af0, (CMBitMap*) 0x000001d25ff21b30
 Prev Bits: [0x000001d250060000, 0x000001d257fc0000)
 Next Bits: [0x000001d257fc0000, 0x000001d25ff20000)

GC Heap History (0 events):
No events

Dll operation events (1 events):
Event: 0.004 Loaded shared library C:\Program Files\Android\Android Studio\jbr\bin\java.dll

Deoptimization events (0 events):
No events

Classes unloaded (0 events):
No events

Classes redefined (0 events):
No events

Internal exceptions (0 events):
No events

VM Operations (0 events):
No events

Events (0 events):
No events


Dynamic libraries:
0x00007ff6c78c0000 - 0x00007ff6c78ca000 	C:\Program Files\Android\Android Studio\jbr\bin\java.exe
0x00007ffe0a4f0000 - 0x00007ffe0a707000 	C:\WINDOWS\SYSTEM32\ntdll.dll
0x00007ffddf170000 - 0x00007ffddf18a000 	C:\Program Files\Avast Software\Avast\aswhook.dll
0x00007ffe088d0000 - 0x00007ffe08994000 	C:\WINDOWS\System32\KERNEL32.DLL
0x00007ffe07a60000 - 0x00007ffe07e19000 	C:\WINDOWS\System32\KERNELBASE.dll
0x00007ffe07940000 - 0x00007ffe07a51000 	C:\WINDOWS\System32\ucrtbase.dll
0x00007ffdec710000 - 0x00007ffdec727000 	C:\Program Files\Android\Android Studio\jbr\bin\jli.dll
0x00007ffe08f40000 - 0x00007ffe090ee000 	C:\WINDOWS\System32\USER32.dll
0x00007ffe080b0000 - 0x00007ffe080d6000 	C:\WINDOWS\System32\win32u.dll
0x00007ffe09bf0000 - 0x00007ffe09c19000 	C:\WINDOWS\System32\GDI32.dll
0x00007ffe07820000 - 0x00007ffe0793b000 	C:\WINDOWS\System32\gdi32full.dll
0x00007ffe07e20000 - 0x00007ffe07eba000 	C:\WINDOWS\System32\msvcp_win.dll
0x00007ffde6540000 - 0x00007ffde655b000 	C:\Program Files\Android\Android Studio\jbr\bin\VCRUNTIME140.dll
0x00007ffdf69e0000 - 0x00007ffdf6c72000 	C:\WINDOWS\WinSxS\amd64_microsoft.windows.common-controls_6595b64144ccf1df_6.0.22621.4391_none_2715d37f73803e96\COMCTL32.dll
0x00007ffe08370000 - 0x00007ffe08417000 	C:\WINDOWS\System32\msvcrt.dll
0x00007ffe08d80000 - 0x00007ffe08db1000 	C:\WINDOWS\System32\IMM32.DLL
0x00007ffdec700000 - 0x00007ffdec70c000 	C:\Program Files\Android\Android Studio\jbr\bin\vcruntime140_1.dll
0x00007ffdbd8e0000 - 0x00007ffdbd96d000 	C:\Program Files\Android\Android Studio\jbr\bin\msvcp140.dll
0x00007ffd8ad00000 - 0x00007ffd8b983000 	C:\Program Files\Android\Android Studio\jbr\bin\server\jvm.dll
0x00007ffe08480000 - 0x00007ffe08532000 	C:\WINDOWS\System32\ADVAPI32.dll
0x00007ffe09b30000 - 0x00007ffe09bd7000 	C:\WINDOWS\System32\sechost.dll
0x00007ffe077f0000 - 0x00007ffe07818000 	C:\WINDOWS\System32\bcrypt.dll
0x00007ffe08dc0000 - 0x00007ffe08ed4000 	C:\WINDOWS\System32\RPCRT4.dll
0x00007ffe076c0000 - 0x00007ffe0770d000 	C:\WINDOWS\SYSTEM32\POWRPROF.dll
0x00007ffdf1bc0000 - 0x00007ffdf1bc9000 	C:\WINDOWS\SYSTEM32\WSOCK32.dll
0x00007ffe08bc0000 - 0x00007ffe08c31000 	C:\WINDOWS\System32\WS2_32.dll
0x00007ffdfc140000 - 0x00007ffdfc174000 	C:\WINDOWS\SYSTEM32\WINMM.dll
0x00007ffdffa80000 - 0x00007ffdffa8a000 	C:\WINDOWS\SYSTEM32\VERSION.dll
0x00007ffe076a0000 - 0x00007ffe076b3000 	C:\WINDOWS\SYSTEM32\UMPDC.dll
0x00007ffe06830000 - 0x00007ffe06848000 	C:\WINDOWS\SYSTEM32\kernel.appcore.dll
0x00007ffe02fc0000 - 0x00007ffe02fca000 	C:\Program Files\Android\Android Studio\jbr\bin\jimage.dll
0x00007ffdfd1a0000 - 0x00007ffdfd3d2000 	C:\WINDOWS\SYSTEM32\DBGHELP.DLL
0x00007ffe08540000 - 0x00007ffe088cf000 	C:\WINDOWS\System32\combase.dll
0x00007ffe09d80000 - 0x00007ffe09e57000 	C:\WINDOWS\System32\OLEAUT32.dll
0x00007ffdfd0c0000 - 0x00007ffdfd0f2000 	C:\WINDOWS\SYSTEM32\dbgcore.DLL
0x00007ffe07ec0000 - 0x00007ffe07f3b000 	C:\WINDOWS\System32\bcryptPrimitives.dll
0x00007ffdf42e0000 - 0x00007ffdf4305000 	C:\Program Files\Android\Android Studio\jbr\bin\java.dll

dbghelp: loaded successfully - version: 4.0.5 - missing functions: none
symbol engine: initialized successfully - sym options: 0x614 - pdb path: .;C:\Program Files\Android\Android Studio\jbr\bin;C:\WINDOWS\SYSTEM32;C:\Program Files\Avast Software\Avast;C:\WINDOWS\WinSxS\amd64_microsoft.windows.common-controls_6595b64144ccf1df_6.0.22621.4391_none_2715d37f73803e96;C:\Program Files\Android\Android Studio\jbr\bin\server

VM Arguments:
jvm_args: -Dorg.gradle.appname=gradlew 
java_command: org.gradle.wrapper.GradleWrapperMain -q -Ptarget-platform=android-arm64 -Ptarget=C:\projects\kinopark\lib\main.dart -Pbase-application-name=android.app.Application -Pdart-defines=Zmx1dHRlci5pbnNwZWN0b3Iuc3RydWN0dXJlZEVycm9ycz10cnVl -Pdart-obfuscation=false -Ptrack-widget-creation=true -Ptree-shake-icons=false -Pfilesystem-scheme=org-dartlang-root assembleDebug
java_class_path (initial): C:\projects\kinopark\android\\gradle\wrapper\gradle-wrapper.jar
Launcher Type: SUN_STANDARD

[Global flags]
     intx CICompilerCount                          = 4                                         {product} {ergonomic}
     uint ConcGCThreads                            = 3                                         {product} {ergonomic}
     uint G1ConcRefinementThreads                  = 10                                        {product} {ergonomic}
   size_t G1HeapRegionSize                         = 4194304                                   {product} {ergonomic}
    uintx GCDrainStackTargetSize                   = 64                                        {product} {ergonomic}
   size_t InitialHeapSize                          = 536870912                                 {product} {ergonomic}
   size_t MarkStackSize                            = 4194304                                   {product} {ergonomic}
   size_t MaxHeapSize                              = 8547991552                                {product} {ergonomic}
   size_t MinHeapDeltaBytes                        = 4194304                                   {product} {ergonomic}
   size_t MinHeapSize                              = 8388608                                   {product} {ergonomic}
    uintx NonNMethodCodeHeapSize                   = 5839372                                {pd product} {ergonomic}
    uintx NonProfiledCodeHeapSize                  = 122909434                              {pd product} {ergonomic}
    uintx ProfiledCodeHeapSize                     = 122909434                              {pd product} {ergonomic}
    uintx ReservedCodeCacheSize                    = 251658240                              {pd product} {ergonomic}
     bool SegmentedCodeCache                       = true                                      {product} {ergonomic}
   size_t SoftMaxHeapSize                          = 8547991552                             {manageable} {ergonomic}
     bool UseCompressedClassPointers               = true                           {product lp64_product} {ergonomic}
     bool UseCompressedOops                        = true                           {product lp64_product} {ergonomic}
     bool UseG1GC                                  = true                                      {product} {ergonomic}
     bool UseLargePagesIndividualAllocation        = false                                  {pd product} {ergonomic}

Logging:
Log output configuration:
 #0: stdout all=warning uptime,level,tags
 #1: stderr all=off uptime,level,tags

Environment Variables:
JAVA_HOME=C:\Program Files\Android\Android Studio\jbr
CLASSPATH=C:\projects\kinopark\android\\gradle\wrapper\gradle-wrapper.jar
PATH=C:\Program Files\Android\Android Studio\jbr\bin;C:\Program Files\Common Files\Oracle\Java\javapath;C:\Program Files (x86)\Common Files\Oracle\Java\java8path;C:\Program Files (x86)\Common Files\Oracle\Java\javapath;C:\WINDOWS\system32;C:\WINDOWS;C:\WINDOWS\System32\Wbem;C:\WINDOWS\System32\WindowsPowerShell\v1.0\;C:\WINDOWS\System32\OpenSSH\;C:\Program Files\dotnet\;C:\soft\flutter\bin;C:\Program Files (x86)\Windows Kits\10\Windows Performance Toolkit\;C:\ProgramData\chocolatey\bin;C:\Program Files\Certbot\bin;C:\soft\Qt\5.15.2\msvc2019_64\bin;C:\Program Files\Git\cmd;C:\Program Files (x86)\Java\jre1.8.0_421\bin;C:\Program Files (x86)\Microsoft SQL Server\160\Tools\Binn\;C:\Program Files\Microsoft SQL Server\160\Tools\Binn\;C:\Program Files\Microsoft SQL Server\Client SDK\ODBC\170\Tools\Binn\;C:\Program Files\Microsoft SQL Server\160\DTS\Binn\;C:\Program Files (x86)\Microsoft SQL Server\160\DTS\Binn\;C:\Users\vasili\AppData\Local\Microsoft\WindowsApps;C:\Users\vasili\AppData\Local\Programs\Microsoft VS Code\bin;C:\tools\dart-sdk\bin;C:\Users\vasili\AppData\Local\Pub\Cache\bin;;C:\soft\flutter\bin\mingit\cmd
USERNAME=vasili
OS=Windows_NT
PROCESSOR_IDENTIFIER=Intel64 Family 6 Model 167 Stepping 1, GenuineIntel
TMP=C:\Users\vasili\AppData\Local\Temp
TEMP=C:\Users\vasili\AppData\Local\Temp



Periodic native trim disabled

JNI global refs:
JNI global refs: 0, weak refs: 0

JNI global refs memory usage: 0, weak refs: 0

Process memory usage:
Resident Set Size: 12200K (0% of 33388000K total physical memory with 15645108K free physical memory)

OOME stack traces (most recent first):
Classloader memory used:


---------------  S Y S T E M  ---------------

OS:
 Windows 11 , 64 bit Build 22621 (10.0.22621.4391)
OS uptime: 2 days 9:21 hours

CPU: total 12 (initial active 12) (6 cores per cpu, 2 threads per core) family 6 model 167 stepping 1 microcode 0x3c, cx8, cmov, fxsr, ht, mmx, 3dnowpref, sse, sse2, sse3, ssse3, sse4.1, sse4.2, popcnt, lzcnt, tsc, tscinvbit, avx, avx2, aes, erms, clmul, bmi1, bmi2, adx, avx512f, avx512dq, avx512cd, avx512bw, avx512vl, sha, fma, vzeroupper, avx512_vpopcntdq, avx512_vpclmulqdq, avx512_vaes, avx512_vnni, clflush, clflushopt, avx512_vbmi2, avx512_vbmi
Processor Information for all 12 processors :
  Max Mhz: 2592, Current Mhz: 2592, Mhz Limit: 2592

Memory: 4k page, system-wide physical 32605M (15278M free)
TotalPageFile size 32605M (AvailPageFile size 257M)
current process WorkingSet (physical memory assigned to process): 11M, peak: 11M
current process commit charge ("private bytes"): 65M, peak: 576M

vm_info: OpenJDK 64-Bit Server VM (17.0.11+0--11852314) for windows-amd64 JRE (17.0.11+0--11852314), built on May 16 2024 21:29:20 by "androidbuild" with MS VC++ 16.10 / 16.11 (VS2019)

END.
